#
# A fatal error has been detected by the Java Runtime Environment:
#
#  EXCEPTION_ACCESS_VIOLATION (0xc0000005) at pc=0x00007ffa626a26c4, pid=7928, tid=28644
#
# JRE version: OpenJDK Runtime Environment (24.0.1+9) (build 24.0.1+9-30)
# Java VM: OpenJDK 64-Bit Server VM (24.0.1+9-30, mixed mode, sharing, tiered, compressed oops, compressed class ptrs, g1 gc, windows-amd64)
# Problematic frame:
# C  0x00007ffa626a26c4
#
# No core dump will be written. Minidumps are not enabled by default on client versions of Windows
#
# JFR recording file will be written. Location: D:\CHEEMYS\EPN\SEMESTRE IV\EDA II\Proyecto\Proyecto_IB\Visual_App_BIS_S\hs_err_pid7928.jfr
#
# If you would like to submit a bug report, please visit:
#   https://bugreport.java.com/bugreport/crash.jsp
# The crash happened outside the Java Virtual Machine in native code.
# See problematic frame for where to report the bug.
#

---------------  S U M M A R Y ------------

Command Line: --module-path=D:\CHEEMYS\PATHS\JavaFX\javafx-sdk-24.0.1\lib --add-modules=javafx.controls,javafx.fxml -javaagent:C:\Program Files\JetBrains\IntelliJ IDEA 2025.1\lib\idea_rt.jar=61080 -Dfile.encoding=UTF-8 -Dsun.stdout.encoding=UTF-8 -Dsun.stderr.encoding=UTF-8 application.Main

Host: 11th Gen Intel(R) Core(TM) i7-11800H @ 2.30GHz, 16 cores, 23G,  Windows 11 , 64 bit Build 26100 (10.0.26100.3912)
Time: Sun May 25 21:16:40 2025 SA Pacific Standard Time elapsed time: 4.651960 seconds (0d 0h 0m 4s)

---------------  T H R E A D  ---------------

Current thread (0x000001eef1b02250):  JavaThread "Attach Listener" daemon [_thread_in_native, id=28644, stack(0x0000002306e00000,0x0000002306f00000) (1024K)]

Stack: [0x0000002306e00000,0x0000002306f00000],  sp=0x0000002306efec50,  free space=1019k
Native frames: (J=compiled Java code, j=interpreted, Vv=VM code, C=native code)
C  0x00007ffa626a26c4  (no source info available)
C  0x00007ffa626a2b9b  (no source info available)
C  0x00007ffa626a17f4  (no source info available)
C  0x00007ffa626a206a  (no source info available)
C  0x00007ffa6269cc21  (no source info available)
C  0x00007ffa6268e5e1  (no source info available)
C  0x00007ffa6268d2f8  (no source info available)
C  0x00007ffa6268d1e0  (no source info available)
C  0x00007ffa626941b9  (no source info available)
V  [jvm.dll+0x57eff7]  (no source info available)
V  [jvm.dll+0x57fdac]  (no source info available)
V  [jvm.dll+0x14ca17]  (no source info available)
V  [jvm.dll+0x14dfe1]  (no source info available)
V  [jvm.dll+0x42f456]  (no source info available)
V  [jvm.dll+0x87d76b]  (no source info available)
V  [jvm.dll+0x72ee55]  (no source info available)
C  [ucrtbase.dll+0x37b0]  (no source info available)
C  [KERNEL32.DLL+0x2e8d7]  (no source info available)
C  [ntdll.dll+0x9c5dc]  (no source info available)


siginfo: EXCEPTION_ACCESS_VIOLATION (0xc0000005), reading address 0xffffffffffffffff


Registers:
RAX=0x0000000000000010, RBX=0x0000000000000000, RCX=0xffffffffffffffff, RDX=0x007ffa3988300010
RSP=0x0000002306efec50, RBP=0x000001eef2d1ed08, RSI=0x0000002306efedc0, RDI=0x000001eef2d1ed08
R8 =0x0000000000000042, R9 =0x0000000698022ac0, R10=0x00007ffa39af9fb0, R11=0x0000000000000004
R12=0x0000002306efedc0, R13=0x000001eec6b22300, R14=0x000001eef1b02618, R15=0x000001eef1b02618
RIP=0x00007ffa626a26c4, EFLAGS=0x0000000000010202

XMM[0]=0x0000000000000000 0x0000000000000000
XMM[1]=0x0000000000000000 0x0000000000000000
XMM[2]=0x0000000000000000 0x0000000000000000
XMM[3]=0x0000000000000000 0x0000000000000000
XMM[4]=0x0000000000000000 0x0000000000000000
XMM[5]=0x0000000000000000 0x0000000000000000
XMM[6]=0x0000000000000000 0x0000000000000000
XMM[7]=0x0000000000000000 0x0000000000000000
XMM[8]=0x0000000000000000 0x0000000000000000
XMM[9]=0x0000000000000000 0x0000000000000000
XMM[10]=0x0000000000000000 0x0000000000000000
XMM[11]=0x0000000000000000 0x0000000000000000
XMM[12]=0x0000000000000000 0x0000000000000000
XMM[13]=0x0000000000000000 0x0000000000000000
XMM[14]=0x0000000000000000 0x0000000000000000
XMM[15]=0x0000000000000000 0x0000000000000000
  MXCSR=0x00001fa0


Register to memory mapping:

RAX=0x0000000000000010 is an unknown value
RBX=0x0 is null
RCX=0xffffffffffffffff is an unknown value
RDX=0x007ffa3988300010 is an unknown value
RSP=0x0000002306efec50 is pointing into the stack for thread: 0x000001eef1b02250
RBP=0x000001eef2d1ed08 points into unknown readable memory: 0x0000000698022ac0 | c0 2a 02 98 06 00 00 00
RSI=0x0000002306efedc0 is pointing into the stack for thread: 0x000001eef1b02250
RDI=0x000001eef2d1ed08 points into unknown readable memory: 0x0000000698022ac0 | c0 2a 02 98 06 00 00 00
R8 =0x0000000000000042 is an unknown value
R9 =0x0000000698022ac0 is an oop: java.lang.Thread 
{0x0000000698022ac0} - klass: 'java/lang/Thread' - flags: 

 - ---- fields (total size 14 words):
 - 'threadLocalRandomProbe' 'I' @12  0 (0x00000000)
 - private volatile 'eetop' 'J' @16  2125200469200 (0x000001eecfd1acd0)
 - private final 'tid' 'J' @24  3 (0x0000000000000003)
 - 'threadLocalRandomSeed' 'J' @32  0 (0x0000000000000000)
 - injected 'jvmti_thread_state' 'J' @40  2125065896448 (0x000001eec7cc4200)
 - 'threadLocalRandomSecondarySeed' 'I' @48  0 (0x00000000)
 - injected 'jvmti_VTMS_transition_disable_count' 'I' @52  0 (0x00000000)
 - injected 'jfr_epoch' 'S' @56  0 (0x0000)
 - volatile 'interrupted' 'Z' @58  false (0x00)
 - injected 'jvmti_is_in_VTMS_transition' 'Z' @59  false (0x00)
 - private volatile 'name' 'Ljava/lang/String;' @60  "main"{0x00000006981587b8} (0xd302b0f7)
 - private volatile 'contextClassLoader' 'Ljava/lang/ClassLoader;' @64  a 'jdk/internal/loader/ClassLoaders$AppClassLoader'{0x0000000698050ea8} (0xd300a1d5)
 - private final 'holder' 'Ljava/lang/Thread$FieldHolder;' @68  a 'java/lang/Thread$FieldHolder'{0x00000006981587e8} (0xd302b0fd)
 - 'threadLocals' 'Ljava/lang/ThreadLocal$ThreadLocalMap;' @72  a 'java/lang/ThreadLocal$ThreadLocalMap'{0x0000000698158810} (0xd302b102)
 - 'inheritableThreadLocals' 'Ljava/lang/ThreadLocal$ThreadLocalMap;' @76  null (0x00000000)
 - private 'scopedValueBindings' 'Ljava/lang/Object;' @80  a 'java/lang/Class'{0x00000007ffc7c258} = 'java/lang/Thread' (0xfff8f84b)
 - final 'interruptLock' 'Ljava/lang/Object;' @84  a 'java/lang/Object'{0x0000000698158b18} (0xd302b163)
 - private volatile 'parkBlocker' 'Ljava/lang/Object;' @88  a 'java/util/concurrent/CountDownLatch$Sync'{0x0000000698022aa0} (0xd3004554)
 - private 'nioBlocker' 'Lsun/nio/ch/Interruptible;' @92  null (0x00000000)
 - private 'cont' 'Ljdk/internal/vm/Continuation;' @96  null (0x00000000)
 - private volatile 'uncaughtExceptionHandler' 'Ljava/lang/Thread$UncaughtExceptionHandler;' @100  null (0x00000000)
 - private 'container' 'Ljdk/internal/vm/ThreadContainer;' @104  null (0x00000000)
 - private volatile 'headStackableScopes' 'Ljdk/internal/vm/StackableScope;' @108  null (0x00000000)
R10=0x00007ffa39af9fb0 jvm.dll
R11=0x0000000000000004 is an unknown value
R12=0x0000002306efedc0 is pointing into the stack for thread: 0x000001eef1b02250
R13=0x000001eec6b22300 points into unknown readable memory: 0x00007ffa39a6a510 | 10 a5 a6 39 fa 7f 00 00
R14=0x000001eef1b02618 points into unknown readable memory: 0x00007ffa39a617b0 | b0 17 a6 39 fa 7f 00 00
R15=0x000001eef1b02618 points into unknown readable memory: 0x00007ffa39a617b0 | b0 17 a6 39 fa 7f 00 00

Top of Stack: (sp=0x0000002306efec50)
0x0000002306efec50:   0000002306efedc0 000001eef2d1ed08   ....#...........
0x0000002306efec60:   0000000000000000 000001eef1b05fa0   ........._......
0x0000002306efec70:   000000000000003a 00007ffa626a2b9b   :........+jb....
0x0000002306efec80:   0000000000000000 000001eef1b02618   .........&......
0x0000002306efec90:   0000002306efed01 0000000000000000   ....#...........
0x0000002306efeca0:   000001eec6a55a70 00007ffa626a17f4   pZ........jb....
0x0000002306efecb0:   0000000000000000 000000000000003a   ........:.......
0x0000002306efecc0:   0000000000000000 000000000000003a   ........:.......
0x0000002306efecd0:   0000001500000002 000001eec785b430   ........0.......
0x0000002306efece0:   000001eec6a55a70 000001eec6a55b58   pZ......X[......
0x0000002306efecf0:   000001eec6a55b6c 0000000000008384   l[..............
0x0000002306efed00:   0000000000000000 0000000000000000   ................
0x0000002306efed10:   0000000000000000 00007ffa392c57d4   .........W,9....
0x0000002306efed20:   00007ffa627e4ca0 0000000000001ef8   .L~b............
0x0000002306efed30:   00007ffa627e4ca0 00000000ffffffff   .L~b............
0x0000002306efed40:   0000000000000000 00007ffa626a206a   ........j jb....
0x0000002306efed50:   000001eef1b02618 0000000000000000   .&..............
0x0000002306efed60:   0000002306efedc9 000001eec6b22300   ....#....#......
0x0000002306efed70:   0000000000000004 0000000000000048   ........H.......
0x0000002306efed80:   0000000800800310 0000000000000020   ........ .......
0x0000002306efed90:   000001eef1b02618 00007ffa627e4ca0   .&.......L~b....
0x0000002306efeda0:   000001eef1940370 000001eec7cc4200   p........B......
0x0000002306efedb0:   0000000800800390 000001eef1b02618   .........&......
0x0000002306efedc0:   000001eef43ad790 000001eef43aded0   ..:.......:.....
0x0000002306efedd0:   000001eef43aded0 00007ffa627e4ca0   ..:......L~b....
0x0000002306efede0:   000001eec76ee748 0000002306efef58   H.n.....X...#...
0x0000002306efedf0:   0000002306eff090 0000000000008840   ....#...@.......
0x0000002306efee00:   0000002306eff270 00007ffa627e4cf0   p...#....L~b....
0x0000002306efee10:   0000000000989680 0000000000989680   ................
0x0000002306efee20:   0000002306efef30 00007ffa6269cc21   0...#...!.ib....
0x0000002306efee30:   00007ffa627e4ca0 00007ffa627e4cf8   .L~b.....L~b....
0x0000002306efee40:   00007ffa00000000 00007ffa00000001   ................

Instructions: (pc=0x00007ffa626a26c4)
  0x00007ffa626a25c4:   cc cc cc cc cc cc cc cc cc cc cc cc cc cc cc cc
  0x00007ffa626a25d4:   cc cc cc cc cc cc cc cc cc cc cc cc cc cc cc cc
  0x00007ffa626a25e4:   cc cc cc cc cc cc cc cc cc cc cc cc cc cc cc cc
  0x00007ffa626a25f4:   cc cc cc cc cc cc cc cc cc cc cc cc cc cc cc cc
  0x00007ffa626a2604:   cc cc cc cc cc cc cc cc cc cc cc cc cc cc cc cc
  0x00007ffa626a2614:   cc cc cc cc cc cc cc cc cc cc cc cc cc cc cc cc
  0x00007ffa626a2624:   cc cc cc cc cc cc cc cc cc cc cc cc cc cc cc cc
  0x00007ffa626a2634:   cc cc cc cc cc cc cc cc cc cc cc cc cc cc cc cc
  0x00007ffa626a2644:   cc cc cc cc cc cc cc cc cc cc cc cc 40 57 48 83
  0x00007ffa626a2654:   ec 20 48 8b f9 48 8b 0d 10 28 14 00 48 85 c9 74
  0x00007ffa626a2664:   20 48 8b 01 48 8d 54 24 38 41 b8 06 00 01 00 4c
  0x00007ffa626a2674:   8b 48 30 41 ff d1 85 c0 75 07 48 8b 4c 24 38 eb
  0x00007ffa626a2684:   02 33 c9 4c 8b 05 ea 28 14 00 48 89 5c 24 30 4d
  0x00007ffa626a2694:   85 c0 74 4a 48 8b 01 48 8b d7 4c 8b 88 28 03 00
  0x00007ffa626a26a4:   00 41 ff d1 48 85 c0 74 35 48 63 0d f8 e6 13 00
  0x00007ffa626a26b4:   48 8b 14 01 48 85 d2 74 15 48 63 05 fc e6 13 00
=>0x00007ffa626a26c4:   8b 04 10 48 8b 5c 24 30 48 83 c4 20 5f c3 b8 ff
  0x00007ffa626a26d4:   ff ff ff 48 8b 5c 24 30 48 83 c4 20 5f c3 80 3d
  0x00007ffa626a26e4:   9b 27 14 00 00 bb ff ff ff ff 74 20 4c 8b 0d 31
  0x00007ffa626a26f4:   24 14 00 4c 8d 44 24 38 48 8b 0d 15 24 14 00 48
  0x00007ffa626a2704:   8b d7 41 ff d1 85 c0 0f 44 5c 24 38 8b c3 48 8b
  0x00007ffa626a2714:   5c 24 30 48 83 c4 20 5f c3 cc cc cc cc cc cc cc
  0x00007ffa626a2724:   cc cc cc cc cc cc cc cc cc cc cc cc cc cc cc cc
  0x00007ffa626a2734:   cc cc cc cc cc cc cc cc cc cc cc cc cc cc cc cc
  0x00007ffa626a2744:   cc cc cc cc cc cc cc cc cc cc cc cc 48 89 54 24
  0x00007ffa626a2754:   10 53 55 56 57 41 56 41 57 48 83 ec 28 48 8b f2
  0x00007ffa626a2764:   4c 8b f1 48 89 4c 24 78 45 33 ff 44 89 7c 24 68
  0x00007ffa626a2774:   c7 44 24 60 01 00 00 00 48 8d 4c 24 68 e8 ed 42
  0x00007ffa626a2784:   f7 ff 8b d8 48 8d 4c 24 60 e8 e1 42 f7 ff 8b e8
  0x00007ffa626a2794:   49 8b ce e8 00 fc f6 ff 48 8b f8 90 8b c3 f0 0f
  0x00007ffa626a27a4:   b1 2f 74 04 f3 90 eb f4 4c 89 3e 4c 89 7e 08 4c
  0x00007ffa626a27b4:   89 7e 10 49 8b 6e 08 4d 8b 76 10 49 3b ee 0f 84


Stack slot to memory mapping:

stack at sp + 0 slots: 0x0000002306efedc0 is pointing into the stack for thread: 0x000001eef1b02250
stack at sp + 1 slots: 0x000001eef2d1ed08 points into unknown readable memory: 0x0000000698022ac0 | c0 2a 02 98 06 00 00 00
stack at sp + 2 slots: 0x0 is null
stack at sp + 3 slots: 0x000001eef1b05fa0 points into unknown readable memory: 0x6e616c2e6176616a | 6a 61 76 61 2e 6c 61 6e
stack at sp + 4 slots: 0x000000000000003a is an unknown value
stack at sp + 5 slots: 0x00007ffa626a2b9b points into unknown readable memory: 44 8b d8 83 f8
stack at sp + 6 slots: 0x0 is null
stack at sp + 7 slots: 0x000001eef1b02618 points into unknown readable memory: 0x00007ffa39a617b0 | b0 17 a6 39 fa 7f 00 00

Lock stack of current Java thread (top to bottom):


---------------  P R O C E S S  ---------------

Threads class SMR info:
_java_thread_list=0x000001eef30b4190, length=28, elements={
0x000001eecfd1acd0, 0x000001eef1afd2d0, 0x000001eef1afdc10, 0x000001eef1b01720,
0x000001eef1b02250, 0x000001eef1b06f20, 0x000001eef1b07f50, 0x000001eef1b0c4b0,
0x000001eef1b0a580, 0x000001eec510c9e0, 0x000001eec511f600, 0x000001eec5132720,
0x000001eec5133050, 0x000001eec54360b0, 0x000001eec54367f0, 0x000001eec68599e0,
0x000001eec6435c20, 0x000001eec72b8090, 0x000001eec608f300, 0x000001eec7305220,
0x000001eec60a3a30, 0x000001eec5c2e2c0, 0x000001eec5c2d420, 0x000001eec5c2b6e0,
0x000001eec5c2ccd0, 0x000001eef28457f0, 0x000001eef2847c80, 0x000001eef2844950
}

Java Threads: ( => current thread )
  0x000001eecfd1acd0 JavaThread "main"                              [_thread_blocked, id=27548, stack(0x0000002306300000,0x0000002306400000) (1024K)]
  0x000001eef1afd2d0 JavaThread "Reference Handler"          daemon [_thread_blocked, id=5820, stack(0x0000002306b00000,0x0000002306c00000) (1024K)]
  0x000001eef1afdc10 JavaThread "Finalizer"                  daemon [_thread_blocked, id=748, stack(0x0000002306c00000,0x0000002306d00000) (1024K)]
  0x000001eef1b01720 JavaThread "Signal Dispatcher"          daemon [_thread_blocked, id=23912, stack(0x0000002306d00000,0x0000002306e00000) (1024K)]
=>0x000001eef1b02250 JavaThread "Attach Listener"            daemon [_thread_in_native, id=28644, stack(0x0000002306e00000,0x0000002306f00000) (1024K)]
  0x000001eef1b06f20 JavaThread "Service Thread"             daemon [_thread_blocked, id=30016, stack(0x0000002306f00000,0x0000002307000000) (1024K)]
  0x000001eef1b07f50 JavaThread "Monitor Deflation Thread"   daemon [_thread_blocked, id=32996, stack(0x0000002307000000,0x0000002307100000) (1024K)]
  0x000001eef1b0c4b0 JavaThread "C2 CompilerThread0"         daemon [_thread_blocked, id=9616, stack(0x0000002307100000,0x0000002307200000) (1024K)]
  0x000001eef1b0a580 JavaThread "C1 CompilerThread0"         daemon [_thread_blocked, id=25916, stack(0x0000002307200000,0x0000002307300000) (1024K)]
  0x000001eec510c9e0 JavaThread "Common-Cleaner"             daemon [_thread_blocked, id=20916, stack(0x0000002307300000,0x0000002307400000) (1024K)]
  0x000001eec511f600 JavaThread "C1 CompilerThread1"         daemon [_thread_blocked, id=26296, stack(0x0000002307400000,0x0000002307500000) (1024K)]
  0x000001eec5132720 JavaThread "C1 CompilerThread2"         daemon [_thread_blocked, id=1560, stack(0x0000002307500000,0x0000002307600000) (1024K)]
  0x000001eec5133050 JavaThread "C1 CompilerThread3"         daemon [_thread_blocked, id=33380, stack(0x0000002307600000,0x0000002307700000) (1024K)]
  0x000001eec54360b0 JavaThread "Monitor Ctrl-Break"         daemon [_thread_in_native, id=30364, stack(0x0000002307c00000,0x0000002307d00000) (1024K)]
  0x000001eec54367f0 JavaThread "Notification Thread"        daemon [_thread_blocked, id=4692, stack(0x0000002307d00000,0x0000002307e00000) (1024K)]
  0x000001eec68599e0 JavaThread "QuantumRenderer-0"          daemon [_thread_blocked, id=27692, stack(0x0000002307e00000,0x0000002307f00000) (1024K)]
  0x000001eec6435c20 JavaThread "InvokeLaterDispatcher"      daemon [_thread_blocked, id=34452, stack(0x0000002307f00000,0x0000002308000000) (1024K)]
  0x000001eec72b8090 JavaThread "JavaFX Application Thread"         [_thread_in_native, id=23768, stack(0x0000002308000000,0x0000002308100000) (1024K)]
  0x000001eec608f300 JavaThread "RMI TCP Accept-0"           daemon [_thread_in_native, id=19596, stack(0x0000002308700000,0x0000002308800000) (1024K)]
  0x000001eec7305220 JavaThread "RMI TCP Connection(1)-192.168.100.29" daemon [_thread_in_native, id=17996, stack(0x0000002308800000,0x0000002308900000) (1024K)]
  0x000001eec60a3a30 JavaThread "RMI Scheduler(0)"           daemon [_thread_blocked, id=1904, stack(0x0000002308a00000,0x0000002308b00000) (1024K)]
  0x000001eec5c2e2c0 JavaThread "JMX server connection timeout 44" daemon [_thread_blocked, id=30268, stack(0x0000002308b00000,0x0000002308c00000) (1024K)]
  0x000001eec5c2d420 JavaThread "Thread-1"                   daemon [_thread_in_native, id=31920, stack(0x0000002308c00000,0x0000002308d00000) (1024K)]
  0x000001eec5c2b6e0 JavaThread "JavaFX-Launcher"                   [_thread_blocked, id=30052, stack(0x0000002308d00000,0x0000002308e00000) (1024K)]
  0x000001eec5c2ccd0 JavaThread "Prism Font Disposer"        daemon [_thread_blocked, id=24280, stack(0x0000002307800000,0x0000002307900000) (1024K)]
  0x000001eef28457f0 JavaThread "Cleaner-0"                  daemon [_thread_blocked, id=5748, stack(0x0000002307900000,0x0000002307a00000) (1024K)]
  0x000001eef2847c80 JavaThread "JFR Recorder Thread"        daemon [_thread_in_native, id=30332, stack(0x0000002307a00000,0x0000002307b00000) (1024K)]
  0x000001eef2844950 JavaThread "JFR Periodic Tasks"         daemon [_thread_blocked, id=33668, stack(0x0000002309000000,0x0000002309100000) (1024K)]
Total: 28

Other Threads:
  0x000001eef1aee3b0 VMThread "VM Thread"                           [id=6808, stack(0x0000002306a00000,0x0000002306b00000) (1024K)]
  0x000001eef19bfd40 WatcherThread "VM Periodic Task Thread"        [id=26420, stack(0x0000002306900000,0x0000002306a00000) (1024K)]
  0x000001eecfda3140 WorkerThread "GC Thread#0"                     [id=14216, stack(0x0000002306400000,0x0000002306500000) (1024K)]
  0x000001eec73419a0 WorkerThread "GC Thread#1"                     [id=34768, stack(0x0000002309100000,0x0000002309200000) (1024K)]
  0x000001eec7341d50 WorkerThread "GC Thread#2"                     [id=1608, stack(0x0000002309200000,0x0000002309300000) (1024K)]
  0x000001eec7340ae0 WorkerThread "GC Thread#3"                     [id=33436, stack(0x0000002309300000,0x0000002309400000) (1024K)]
  0x000001eec7341240 WorkerThread "GC Thread#4"                     [id=33220, stack(0x0000002309400000,0x0000002309500000) (1024K)]
  0x000001eec7340380 WorkerThread "GC Thread#5"                     [id=33408, stack(0x0000002309500000,0x0000002309600000) (1024K)]
  0x000001eec7340e90 WorkerThread "GC Thread#6"                     [id=24612, stack(0x0000002309600000,0x0000002309700000) (1024K)]
  0x000001eec6a79090 WorkerThread "GC Thread#7"                     [id=34136, stack(0x0000002309700000,0x0000002309800000) (1024K)]
  0x000001eec6a77310 WorkerThread "GC Thread#8"                     [id=27096, stack(0x0000002309800000,0x0000002309900000) (1024K)]
  0x000001eecfdcdf30 ConcurrentGCThread "G1 Main Marker"            [id=28148, stack(0x0000002306500000,0x0000002306600000) (1024K)]
  0x000001eecfdcf1e0 WorkerThread "G1 Conc#0"                       [id=26900, stack(0x0000002306600000,0x0000002306700000) (1024K)]
  0x000001eef19b3400 ConcurrentGCThread "G1 Refine#0"               [id=25856, stack(0x0000002306700000,0x0000002306800000) (1024K)]
  0x000001eef19b3f80 ConcurrentGCThread "G1 Service"                [id=33776, stack(0x0000002306800000,0x0000002306900000) (1024K)]
Total: 15

Threads with active compile tasks:
Total: 0

VM state: not at safepoint (normal execution)

VM Mutex/Monitor currently owned by a thread: None

Heap address: 0x0000000683400000, size: 6092 MB, Compressed Oops mode: Zero based, Oop shift amount: 3

CDS archive(s) mapped at: [0x000001ee80000000-0x000001ee80d40000-0x000001ee80d40000), size 13893632, SharedBaseAddress: 0x000001ee80000000, ArchiveRelocationMode: 1.
Compressed class space mapped at: 0x000001ee81000000-0x000001eec1000000, reserved size: 1073741824
UseCompressedClassPointers 1, UseCompactObjectHeaders 0
Narrow klass pointer bits 32, Max shift 3
Narrow klass base: 0x000001ee80000000, Narrow klass shift: 0
Encoding Range: [0x000001ee80000000 - 0x000001ef80000000), (4294967296 bytes)
Klass Range:    [0x000001ee80000000 - 0x000001eec1000000), (1090519040 bytes)
Klass ID Range:  [8 - 1090519033) (1090519025)

GC Precious Log:
 CardTable entry size: 512
 Card Set container configuration: InlinePtr #cards 4 size 8 Array Of Cards #cards 32 size 80 Howl #buckets 8 coarsen threshold 7372 Howl Bitmap #cards 1024 size 144 coarsen threshold 921 Card regions per heap region 1 cards per card region 8192
 CPUs: 16 total, 16 available
 Memory: 24355M
 Large Page Support: Disabled
 NUMA Support: Disabled
 Compressed Oops: Enabled (Zero based)
 Heap Region Size: 4M
 Heap Min Capacity: 8M
 Heap Initial Capacity: 384M
 Heap Max Capacity: 6092M
 Pre-touch: Disabled
 Parallel Workers: 13
 Concurrent Workers: 3
 Concurrent Refinement Workers: 13
 Periodic GC: Disabled

Heap:
 garbage-first heap   total reserved 6238208K, committed 397312K, used 56025K [0x0000000683400000, 0x0000000800000000)
  region size 4096K, 16 young (65536K), 2 survivors (8192K)
 Metaspace       used 18933K, committed 19264K, reserved 1114112K
  class space    used 2092K, committed 2240K, reserved 1048576K

Heap Regions: E=young(eden), S=young(survivor), O=old, HS=humongous(starts), HC=humongous(continues), CS=collection set, F=free, TAMS=top-at-mark-start, PB=parsable bottom
|   0|0x0000000683400000, 0x0000000683400000, 0x0000000683800000|  0%| F|  |TAMS 0x0000000683400000| PB 0x0000000683400000| Untracked |  0
|   1|0x0000000683800000, 0x0000000683800000, 0x0000000683c00000|  0%| F|  |TAMS 0x0000000683800000| PB 0x0000000683800000| Untracked |  0
|   2|0x0000000683c00000, 0x0000000683c00000, 0x0000000684000000|  0%| F|  |TAMS 0x0000000683c00000| PB 0x0000000683c00000| Untracked |  0
|   3|0x0000000684000000, 0x0000000684000000, 0x0000000684400000|  0%| F|  |TAMS 0x0000000684000000| PB 0x0000000684000000| Untracked |  0
|   4|0x0000000684400000, 0x0000000684400000, 0x0000000684800000|  0%| F|  |TAMS 0x0000000684400000| PB 0x0000000684400000| Untracked |  0
|   5|0x0000000684800000, 0x0000000684800000, 0x0000000684c00000|  0%| F|  |TAMS 0x0000000684800000| PB 0x0000000684800000| Untracked |  0
|   6|0x0000000684c00000, 0x0000000684c00000, 0x0000000685000000|  0%| F|  |TAMS 0x0000000684c00000| PB 0x0000000684c00000| Untracked |  0
|   7|0x0000000685000000, 0x0000000685000000, 0x0000000685400000|  0%| F|  |TAMS 0x0000000685000000| PB 0x0000000685000000| Untracked |  0
|   8|0x0000000685400000, 0x0000000685400000, 0x0000000685800000|  0%| F|  |TAMS 0x0000000685400000| PB 0x0000000685400000| Untracked |  0
|   9|0x0000000685800000, 0x0000000685800000, 0x0000000685c00000|  0%| F|  |TAMS 0x0000000685800000| PB 0x0000000685800000| Untracked |  0
|  10|0x0000000685c00000, 0x0000000685c00000, 0x0000000686000000|  0%| F|  |TAMS 0x0000000685c00000| PB 0x0000000685c00000| Untracked |  0
|  11|0x0000000686000000, 0x0000000686000000, 0x0000000686400000|  0%| F|  |TAMS 0x0000000686000000| PB 0x0000000686000000| Untracked |  0
|  12|0x0000000686400000, 0x0000000686400000, 0x0000000686800000|  0%| F|  |TAMS 0x0000000686400000| PB 0x0000000686400000| Untracked |  0
|  13|0x0000000686800000, 0x0000000686800000, 0x0000000686c00000|  0%| F|  |TAMS 0x0000000686800000| PB 0x0000000686800000| Untracked |  0
|  14|0x0000000686c00000, 0x0000000686c00000, 0x0000000687000000|  0%| F|  |TAMS 0x0000000686c00000| PB 0x0000000686c00000| Untracked |  0
|  15|0x0000000687000000, 0x0000000687000000, 0x0000000687400000|  0%| F|  |TAMS 0x0000000687000000| PB 0x0000000687000000| Untracked |  0
|  16|0x0000000687400000, 0x0000000687400000, 0x0000000687800000|  0%| F|  |TAMS 0x0000000687400000| PB 0x0000000687400000| Untracked |  0
|  17|0x0000000687800000, 0x0000000687800000, 0x0000000687c00000|  0%| F|  |TAMS 0x0000000687800000| PB 0x0000000687800000| Untracked |  0
|  18|0x0000000687c00000, 0x0000000687c00000, 0x0000000688000000|  0%| F|  |TAMS 0x0000000687c00000| PB 0x0000000687c00000| Untracked |  0
|  19|0x0000000688000000, 0x0000000688000000, 0x0000000688400000|  0%| F|  |TAMS 0x0000000688000000| PB 0x0000000688000000| Untracked |  0
|  20|0x0000000688400000, 0x0000000688400000, 0x0000000688800000|  0%| F|  |TAMS 0x0000000688400000| PB 0x0000000688400000| Untracked |  0
|  21|0x0000000688800000, 0x0000000688800000, 0x0000000688c00000|  0%| F|  |TAMS 0x0000000688800000| PB 0x0000000688800000| Untracked |  0
|  22|0x0000000688c00000, 0x0000000688c00000, 0x0000000689000000|  0%| F|  |TAMS 0x0000000688c00000| PB 0x0000000688c00000| Untracked |  0
|  23|0x0000000689000000, 0x0000000689000000, 0x0000000689400000|  0%| F|  |TAMS 0x0000000689000000| PB 0x0000000689000000| Untracked |  0
|  24|0x0000000689400000, 0x0000000689400000, 0x0000000689800000|  0%| F|  |TAMS 0x0000000689400000| PB 0x0000000689400000| Untracked |  0
|  25|0x0000000689800000, 0x0000000689800000, 0x0000000689c00000|  0%| F|  |TAMS 0x0000000689800000| PB 0x0000000689800000| Untracked |  0
|  26|0x0000000689c00000, 0x0000000689c00000, 0x000000068a000000|  0%| F|  |TAMS 0x0000000689c00000| PB 0x0000000689c00000| Untracked |  0
|  27|0x000000068a000000, 0x000000068a000000, 0x000000068a400000|  0%| F|  |TAMS 0x000000068a000000| PB 0x000000068a000000| Untracked |  0
|  28|0x000000068a400000, 0x000000068a400000, 0x000000068a800000|  0%| F|  |TAMS 0x000000068a400000| PB 0x000000068a400000| Untracked |  0
|  29|0x000000068a800000, 0x000000068a800000, 0x000000068ac00000|  0%| F|  |TAMS 0x000000068a800000| PB 0x000000068a800000| Untracked |  0
|  30|0x000000068ac00000, 0x000000068ac00000, 0x000000068b000000|  0%| F|  |TAMS 0x000000068ac00000| PB 0x000000068ac00000| Untracked |  0
|  31|0x000000068b000000, 0x000000068b000000, 0x000000068b400000|  0%| F|  |TAMS 0x000000068b000000| PB 0x000000068b000000| Untracked |  0
|  32|0x000000068b400000, 0x000000068b400000, 0x000000068b800000|  0%| F|  |TAMS 0x000000068b400000| PB 0x000000068b400000| Untracked |  0
|  33|0x000000068b800000, 0x000000068b800000, 0x000000068bc00000|  0%| F|  |TAMS 0x000000068b800000| PB 0x000000068b800000| Untracked |  0
|  34|0x000000068bc00000, 0x000000068bc00000, 0x000000068c000000|  0%| F|  |TAMS 0x000000068bc00000| PB 0x000000068bc00000| Untracked |  0
|  35|0x000000068c000000, 0x000000068c000000, 0x000000068c400000|  0%| F|  |TAMS 0x000000068c000000| PB 0x000000068c000000| Untracked |  0
|  36|0x000000068c400000, 0x000000068c400000, 0x000000068c800000|  0%| F|  |TAMS 0x000000068c400000| PB 0x000000068c400000| Untracked |  0
|  37|0x000000068c800000, 0x000000068c800000, 0x000000068cc00000|  0%| F|  |TAMS 0x000000068c800000| PB 0x000000068c800000| Untracked |  0
|  38|0x000000068cc00000, 0x000000068cc00000, 0x000000068d000000|  0%| F|  |TAMS 0x000000068cc00000| PB 0x000000068cc00000| Untracked |  0
|  39|0x000000068d000000, 0x000000068d000000, 0x000000068d400000|  0%| F|  |TAMS 0x000000068d000000| PB 0x000000068d000000| Untracked |  0
|  40|0x000000068d400000, 0x000000068d400000, 0x000000068d800000|  0%| F|  |TAMS 0x000000068d400000| PB 0x000000068d400000| Untracked |  0
|  41|0x000000068d800000, 0x000000068d800000, 0x000000068dc00000|  0%| F|  |TAMS 0x000000068d800000| PB 0x000000068d800000| Untracked |  0
|  42|0x000000068dc00000, 0x000000068dc00000, 0x000000068e000000|  0%| F|  |TAMS 0x000000068dc00000| PB 0x000000068dc00000| Untracked |  0
|  43|0x000000068e000000, 0x000000068e000000, 0x000000068e400000|  0%| F|  |TAMS 0x000000068e000000| PB 0x000000068e000000| Untracked |  0
|  44|0x000000068e400000, 0x000000068e400000, 0x000000068e800000|  0%| F|  |TAMS 0x000000068e400000| PB 0x000000068e400000| Untracked |  0
|  45|0x000000068e800000, 0x000000068e800000, 0x000000068ec00000|  0%| F|  |TAMS 0x000000068e800000| PB 0x000000068e800000| Untracked |  0
|  46|0x000000068ec00000, 0x000000068ec00000, 0x000000068f000000|  0%| F|  |TAMS 0x000000068ec00000| PB 0x000000068ec00000| Untracked |  0
|  47|0x000000068f000000, 0x000000068f000000, 0x000000068f400000|  0%| F|  |TAMS 0x000000068f000000| PB 0x000000068f000000| Untracked |  0
|  48|0x000000068f400000, 0x000000068f400000, 0x000000068f800000|  0%| F|  |TAMS 0x000000068f400000| PB 0x000000068f400000| Untracked |  0
|  49|0x000000068f800000, 0x000000068f800000, 0x000000068fc00000|  0%| F|  |TAMS 0x000000068f800000| PB 0x000000068f800000| Untracked |  0
|  50|0x000000068fc00000, 0x000000068fc00000, 0x0000000690000000|  0%| F|  |TAMS 0x000000068fc00000| PB 0x000000068fc00000| Untracked |  0
|  51|0x0000000690000000, 0x0000000690000000, 0x0000000690400000|  0%| F|  |TAMS 0x0000000690000000| PB 0x0000000690000000| Untracked |  0
|  52|0x0000000690400000, 0x0000000690400000, 0x0000000690800000|  0%| F|  |TAMS 0x0000000690400000| PB 0x0000000690400000| Untracked |  0
|  53|0x0000000690800000, 0x0000000690800000, 0x0000000690c00000|  0%| F|  |TAMS 0x0000000690800000| PB 0x0000000690800000| Untracked |  0
|  54|0x0000000690c00000, 0x0000000690c00000, 0x0000000691000000|  0%| F|  |TAMS 0x0000000690c00000| PB 0x0000000690c00000| Untracked |  0
|  55|0x0000000691000000, 0x0000000691000000, 0x0000000691400000|  0%| F|  |TAMS 0x0000000691000000| PB 0x0000000691000000| Untracked |  0
|  56|0x0000000691400000, 0x0000000691400000, 0x0000000691800000|  0%| F|  |TAMS 0x0000000691400000| PB 0x0000000691400000| Untracked |  0
|  57|0x0000000691800000, 0x0000000691800000, 0x0000000691c00000|  0%| F|  |TAMS 0x0000000691800000| PB 0x0000000691800000| Untracked |  0
|  58|0x0000000691c00000, 0x0000000691c00000, 0x0000000692000000|  0%| F|  |TAMS 0x0000000691c00000| PB 0x0000000691c00000| Untracked |  0
|  59|0x0000000692000000, 0x0000000692000000, 0x0000000692400000|  0%| F|  |TAMS 0x0000000692000000| PB 0x0000000692000000| Untracked |  0
|  60|0x0000000692400000, 0x0000000692400000, 0x0000000692800000|  0%| F|  |TAMS 0x0000000692400000| PB 0x0000000692400000| Untracked |  0
|  61|0x0000000692800000, 0x0000000692800000, 0x0000000692c00000|  0%| F|  |TAMS 0x0000000692800000| PB 0x0000000692800000| Untracked |  0
|  62|0x0000000692c00000, 0x0000000692c00000, 0x0000000693000000|  0%| F|  |TAMS 0x0000000692c00000| PB 0x0000000692c00000| Untracked |  0
|  63|0x0000000693000000, 0x0000000693000000, 0x0000000693400000|  0%| F|  |TAMS 0x0000000693000000| PB 0x0000000693000000| Untracked |  0
|  64|0x0000000693400000, 0x0000000693400000, 0x0000000693800000|  0%| F|  |TAMS 0x0000000693400000| PB 0x0000000693400000| Untracked |  0
|  65|0x0000000693800000, 0x0000000693800000, 0x0000000693c00000|  0%| F|  |TAMS 0x0000000693800000| PB 0x0000000693800000| Untracked |  0
|  66|0x0000000693c00000, 0x0000000693c00000, 0x0000000694000000|  0%| F|  |TAMS 0x0000000693c00000| PB 0x0000000693c00000| Untracked |  0
|  67|0x0000000694000000, 0x0000000694000000, 0x0000000694400000|  0%| F|  |TAMS 0x0000000694000000| PB 0x0000000694000000| Untracked |  0
|  68|0x0000000694400000, 0x0000000694400000, 0x0000000694800000|  0%| F|  |TAMS 0x0000000694400000| PB 0x0000000694400000| Untracked |  0
|  69|0x0000000694800000, 0x0000000694800000, 0x0000000694c00000|  0%| F|  |TAMS 0x0000000694800000| PB 0x0000000694800000| Untracked |  0
|  70|0x0000000694c00000, 0x0000000694c00000, 0x0000000695000000|  0%| F|  |TAMS 0x0000000694c00000| PB 0x0000000694c00000| Untracked |  0
|  71|0x0000000695000000, 0x0000000695000000, 0x0000000695400000|  0%| F|  |TAMS 0x0000000695000000| PB 0x0000000695000000| Untracked |  0
|  72|0x0000000695400000, 0x0000000695400000, 0x0000000695800000|  0%| F|  |TAMS 0x0000000695400000| PB 0x0000000695400000| Untracked |  0
|  73|0x0000000695800000, 0x0000000695800000, 0x0000000695c00000|  0%| F|  |TAMS 0x0000000695800000| PB 0x0000000695800000| Untracked |  0
|  74|0x0000000695c00000, 0x0000000695c00000, 0x0000000696000000|  0%| F|  |TAMS 0x0000000695c00000| PB 0x0000000695c00000| Untracked |  0
|  75|0x0000000696000000, 0x0000000696000000, 0x0000000696400000|  0%| F|  |TAMS 0x0000000696000000| PB 0x0000000696000000| Untracked |  0
|  76|0x0000000696400000, 0x0000000696400000, 0x0000000696800000|  0%| F|  |TAMS 0x0000000696400000| PB 0x0000000696400000| Untracked |  0
|  77|0x0000000696800000, 0x0000000696800000, 0x0000000696c00000|  0%| F|  |TAMS 0x0000000696800000| PB 0x0000000696800000| Untracked |  0
|  78|0x0000000696c00000, 0x0000000696c00000, 0x0000000697000000|  0%| F|  |TAMS 0x0000000696c00000| PB 0x0000000696c00000| Untracked |  0
|  79|0x0000000697000000, 0x0000000697000000, 0x0000000697400000|  0%| F|  |TAMS 0x0000000697000000| PB 0x0000000697000000| Untracked |  0
|  80|0x0000000697400000, 0x00000006976d5490, 0x0000000697800000| 70%| E|  |TAMS 0x0000000697400000| PB 0x0000000697400000| Complete |  0
|  81|0x0000000697800000, 0x0000000697c00000, 0x0000000697c00000|100%| E|CS|TAMS 0x0000000697800000| PB 0x0000000697800000| Complete |  0
|  82|0x0000000697c00000, 0x0000000697d9a2c0, 0x0000000698000000| 40%| S|CS|TAMS 0x0000000697c00000| PB 0x0000000697c00000| Complete |  0
|  83|0x0000000698000000, 0x0000000698400000, 0x0000000698400000|100%| S|CS|TAMS 0x0000000698000000| PB 0x0000000698000000| Complete |  0
|  84|0x0000000698400000, 0x0000000698800000, 0x0000000698800000|100%| E|CS|TAMS 0x0000000698400000| PB 0x0000000698400000| Complete |  0
|  85|0x0000000698800000, 0x0000000698c00000, 0x0000000698c00000|100%| E|CS|TAMS 0x0000000698800000| PB 0x0000000698800000| Complete |  0
|  86|0x0000000698c00000, 0x0000000699000000, 0x0000000699000000|100%| E|  |TAMS 0x0000000698c00000| PB 0x0000000698c00000| Complete |  0
|  87|0x0000000699000000, 0x0000000699400000, 0x0000000699400000|100%| E|CS|TAMS 0x0000000699000000| PB 0x0000000699000000| Complete |  0
|  88|0x0000000699400000, 0x0000000699800000, 0x0000000699800000|100%| E|CS|TAMS 0x0000000699400000| PB 0x0000000699400000| Complete |  0
|  89|0x0000000699800000, 0x0000000699c00000, 0x0000000699c00000|100%| E|CS|TAMS 0x0000000699800000| PB 0x0000000699800000| Complete |  0
|  90|0x0000000699c00000, 0x000000069a000000, 0x000000069a000000|100%| E|CS|TAMS 0x0000000699c00000| PB 0x0000000699c00000| Complete |  0
|  91|0x000000069a000000, 0x000000069a400000, 0x000000069a400000|100%| E|CS|TAMS 0x000000069a000000| PB 0x000000069a000000| Complete |  0
|  92|0x000000069a400000, 0x000000069a800000, 0x000000069a800000|100%| E|CS|TAMS 0x000000069a400000| PB 0x000000069a400000| Complete |  0
|  93|0x000000069a800000, 0x000000069ac00000, 0x000000069ac00000|100%| E|CS|TAMS 0x000000069a800000| PB 0x000000069a800000| Complete |  0
|  94|0x000000069ac00000, 0x000000069b000000, 0x000000069b000000|100%| E|CS|TAMS 0x000000069ac00000| PB 0x000000069ac00000| Complete |  0
|  95|0x000000069b000000, 0x000000069b400000, 0x000000069b400000|100%| E|CS|TAMS 0x000000069b000000| PB 0x000000069b000000| Complete |  0
|1522|0x00000007ffc00000, 0x00000007ffd1c288, 0x0000000800000000| 27%| O|  |TAMS 0x00000007ffc00000| PB 0x00000007ffc00000| Untracked |  0

Card table byte_map: [0x000001eee8b40000,0x000001eee9730000] _byte_map_base: 0x000001eee5726000

Marking Bits: (CMBitMap*) 0x000001eecfda3850
 Bits: [0x000001eee9730000, 0x000001eeef660000)

Polling page: 0x000001eecdb70000

Metaspace:

Usage:
  Non-class:     16.45 MB used.
      Class:      2.04 MB used.
       Both:     18.49 MB used.

Virtual space:
  Non-class space:       64.00 MB reserved,      16.62 MB ( 26%) committed,  1 nodes.
      Class space:        1.00 GB reserved,       2.19 MB ( <1%) committed,  1 nodes.
             Both:        1.06 GB reserved,      18.81 MB (  2%) committed. 

Chunk freelists:
   Non-Class:  14.98 MB
       Class:  13.84 MB
        Both:  28.83 MB

MaxMetaspaceSize: unlimited
CompressedClassSpaceSize: 1.00 GB
Initial GC threshold: 21.00 MB
Current GC threshold: 21.00 MB
CDS: on
 - commit_granule_bytes: 65536.
 - commit_granule_words: 8192.
 - virtual_space_node_default_size: 8388608.
 - enlarge_chunks_in_place: 1.
UseCompressedClassPointers 1, UseCompactObjectHeaders 0
Narrow klass pointer bits 32, Max shift 3
Narrow klass base: 0x000001ee80000000, Narrow klass shift: 0
Encoding Range: [0x000001ee80000000 - 0x000001ef80000000), (4294967296 bytes)
Klass Range:    [0x000001ee80000000 - 0x000001eec1000000), (1090519040 bytes)
Klass ID Range:  [8 - 1090519033) (1090519025)


Internal statistics:

num_allocs_failed_limit: 0.
num_arena_births: 310.
num_arena_deaths: 0.
num_vsnodes_births: 2.
num_vsnodes_deaths: 0.
num_space_committed: 301.
num_space_uncommitted: 0.
num_chunks_returned_to_freelist: 0.
num_chunks_taken_from_freelist: 744.
num_chunk_merges: 0.
num_chunk_splits: 485.
num_chunks_enlarged: 341.
num_inconsistent_stats: 0.

CodeHeap 'non-profiled nmethods': size=119232Kb used=1200Kb max_used=1200Kb free=118032Kb
 bounds [0x000001eee0150000, 0x000001eee03c0000, 0x000001eee75c0000]
CodeHeap 'profiled nmethods': size=119104Kb used=5501Kb max_used=5501Kb free=113602Kb
 bounds [0x000001eed85c0000, 0x000001eed8b20000, 0x000001eedfa10000]
CodeHeap 'non-nmethods': size=7424Kb used=3555Kb max_used=3709Kb free=3868Kb
 bounds [0x000001eedfa10000, 0x000001eedfdc0000, 0x000001eee0150000]
CodeCache: size=245760Kb, used=10256Kb, max_used=10410Kb, free=235502Kb
 total_blobs=4056, nmethods=3227, adapters=731, full_count=0
Compilation: enabled, stopped_count=0, restarted_count=0

Compilation events (20 events):
Event: 4.365 Thread 0x000001eec7439f80 3181       4       java.util.LinkedHashMap::newNode (23 bytes)
Event: 4.367 Thread 0x000001eec743a710 nmethod 3182 0x000001eee026c308 code [0x000001eee026c420, 0x000001eee026c948]
Event: 4.368 Thread 0x000001eec743a710 3198       4       java.util.LinkedHashMap$Entry::<init> (10 bytes)
Event: 4.369 Thread 0x000001eec743a710 nmethod 3198 0x000001eee026c988 code [0x000001eee026ca80, 0x000001eee026ceb0]
Event: 4.369 Thread 0x000001eec743a710 3193       4       java.lang.Long::<init> (10 bytes)
Event: 4.370 Thread 0x000001eec7439f80 nmethod 3181 0x000001eee026cf08 code [0x000001eee026d020, 0x000001eee026d608]
Event: 4.370 Thread 0x000001eec743a710 nmethod 3193 0x000001eee026d688 code [0x000001eee026d780, 0x000001eee026d7f8]
Event: 4.382 Thread 0x000001eef1b0a580 3214       1       jdk.jfr.internal.periodic.EventTask::getEventType (5 bytes)
Event: 4.382 Thread 0x000001eef1b0a580 nmethod 3214 0x000001eee026d988 code [0x000001eee026da80, 0x000001eee026db48]
Event: 4.382 Thread 0x000001eec5133050 3215       1       jdk.jfr.internal.periodic.PeriodicTask::getPeriod (5 bytes)
Event: 4.382 Thread 0x000001eec511f600 3216       3       java.util.Comparator$$Lambda/0x000001ee81165738::compare (10 bytes)
Event: 4.382 Thread 0x000001eec5132720 3217       3       java.util.Comparator::lambda$comparingLong$6043328a$1 (18 bytes)
Event: 4.382 Thread 0x000001eec5133050 nmethod 3215 0x000001eee026dc88 code [0x000001eee026dd80, 0x000001eee026de48]
Event: 4.383 Thread 0x000001eec5132720 nmethod 3217 0x000001eed8b15f88 code [0x000001eed8b160e0, 0x000001eed8b164c0]
Event: 4.383 Thread 0x000001eec511f600 nmethod 3216 0x000001eed8b16508 code [0x000001eed8b16660, 0x000001eed8b16ad8]
Event: 4.384 Thread 0x000001eec743b630 nmethod 3166 0x000001eee026df88 code [0x000001eee026e220, 0x000001eee026efa8]
Event: 4.503 Thread 0x000001eef1b0a580 3218       3       java.io.ObjectInputStream$PeekInputStream::read (115 bytes)
Event: 4.504 Thread 0x000001eec511f600 3219       3       java.io.ObjectInputStream$BlockDataInputStream::setBlockDataMode (74 bytes)
Event: 4.504 Thread 0x000001eef1b0a580 nmethod 3218 0x000001eed8b16b08 code [0x000001eed8b16c60, 0x000001eed8b17110]
Event: 4.504 Thread 0x000001eec511f600 nmethod 3219 0x000001eed8b17188 code [0x000001eed8b172c0, 0x000001eed8b175e8]

GC Heap History (2 events):
Event: 1.824 GC heap before
{Heap before GC invocations=0 (full 0):
 garbage-first heap   total reserved 6238208K, committed 397312K, used 50288K [0x0000000683400000, 0x0000000800000000)
  region size 4096K, 12 young (49152K), 0 survivors (0K)
 Metaspace       used 9839K, committed 10048K, reserved 1114112K
  class space    used 880K, committed 960K, reserved 1048576K
}
Event: 1.836 GC heap after
{Heap after GC invocations=1 (full 0):
 garbage-first heap   total reserved 6238208K, committed 397312K, used 6873K [0x0000000683400000, 0x0000000800000000)
  region size 4096K, 2 young (8192K), 2 survivors (8192K)
 Metaspace       used 9839K, committed 10048K, reserved 1114112K
  class space    used 880K, committed 960K, reserved 1048576K
}

Dll operation events (20 events):
Event: 0.867 Loaded shared library D:\CHEEMYS\PATHS\JavaFX\javafx-sdk-24.0.1\bin\api-ms-win-crt-locale-l1-1-0.dll
Event: 0.869 Loaded shared library D:\CHEEMYS\PATHS\JavaFX\javafx-sdk-24.0.1\bin\api-ms-win-crt-math-l1-1-0.dll
Event: 0.872 Loaded shared library D:\CHEEMYS\PATHS\JavaFX\javafx-sdk-24.0.1\bin\api-ms-win-crt-multibyte-l1-1-0.dll
Event: 0.875 Loaded shared library D:\CHEEMYS\PATHS\JavaFX\javafx-sdk-24.0.1\bin\api-ms-win-crt-private-l1-1-0.dll
Event: 0.878 Loaded shared library D:\CHEEMYS\PATHS\JavaFX\javafx-sdk-24.0.1\bin\api-ms-win-crt-process-l1-1-0.dll
Event: 0.881 Loaded shared library D:\CHEEMYS\PATHS\JavaFX\javafx-sdk-24.0.1\bin\api-ms-win-crt-runtime-l1-1-0.dll
Event: 0.884 Loaded shared library D:\CHEEMYS\PATHS\JavaFX\javafx-sdk-24.0.1\bin\api-ms-win-crt-stdio-l1-1-0.dll
Event: 0.887 Loaded shared library D:\CHEEMYS\PATHS\JavaFX\javafx-sdk-24.0.1\bin\api-ms-win-crt-string-l1-1-0.dll
Event: 0.890 Loaded shared library D:\CHEEMYS\PATHS\JavaFX\javafx-sdk-24.0.1\bin\api-ms-win-crt-time-l1-1-0.dll
Event: 0.894 Loaded shared library D:\CHEEMYS\PATHS\JavaFX\javafx-sdk-24.0.1\bin\api-ms-win-crt-utility-l1-1-0.dll
Event: 0.898 Loaded shared library D:\CHEEMYS\PATHS\JavaFX\javafx-sdk-24.0.1\bin\ucrtbase.dll
Event: 0.901 Loaded shared library D:\CHEEMYS\PATHS\JavaFX\javafx-sdk-24.0.1\bin\vcruntime140.dll
Event: 0.904 Loaded shared library D:\CHEEMYS\PATHS\JavaFX\javafx-sdk-24.0.1\bin\vcruntime140_1.dll
Event: 0.907 Loaded shared library D:\CHEEMYS\PATHS\JavaFX\javafx-sdk-24.0.1\bin\msvcp140.dll
Event: 0.910 Loaded shared library D:\CHEEMYS\PATHS\JavaFX\javafx-sdk-24.0.1\bin\msvcp140_1.dll
Event: 0.914 Loaded shared library D:\CHEEMYS\PATHS\JavaFX\javafx-sdk-24.0.1\bin\msvcp140_2.dll
Event: 1.031 Loaded shared library D:\CHEEMYS\PATHS\JavaFX\javafx-sdk-24.0.1\bin\prism_d3d.dll
Event: 1.203 Loaded shared library D:\CHEEMYS\PATHS\JavaFX\javafx-sdk-24.0.1\bin\glass.dll
Event: 2.677 Loaded shared library D:\CHEEMYS\PATHS\JavaFX\javafx-sdk-24.0.1\bin\javafx_font.dll
Event: 3.815 Loaded shared library C:\Users\santi\AppData\Local\Temp\idea_libasyncProfiler_dll_temp_folder\libasyncProfiler.dll

Deoptimization events (20 events):
Event: 4.283 Thread 0x000001eef1b02250 Uncommon trap: trap_request=0xffffffd6 fr.pc=0x000001eee0261584 relative=0x00000000000001e4
Event: 4.283 Thread 0x000001eef1b02250 Uncommon trap: reason=array_check action=maybe_recompile pc=0x000001eee0261584 method=java.util.Arrays.fill([Ljava/lang/Object;Ljava/lang/Object;)V @ 13 c2
Event: 4.283 Thread 0x000001eef1b02250 DEOPT PACKING pc=0x000001eee0261584 sp=0x0000002306efca20
Event: 4.283 Thread 0x000001eef1b02250 DEOPT UNPACKING pc=0x000001eedfb34f82 sp=0x0000002306efc9b0 mode 2
Event: 4.283 Thread 0x000001eef1b02250 Uncommon trap: trap_request=0xffffffd6 fr.pc=0x000001eee0261584 relative=0x00000000000001e4
Event: 4.283 Thread 0x000001eef1b02250 Uncommon trap: reason=array_check action=maybe_recompile pc=0x000001eee0261584 method=java.util.Arrays.fill([Ljava/lang/Object;Ljava/lang/Object;)V @ 13 c2
Event: 4.283 Thread 0x000001eef1b02250 DEOPT PACKING pc=0x000001eee0261584 sp=0x0000002306efc770
Event: 4.283 Thread 0x000001eef1b02250 DEOPT UNPACKING pc=0x000001eedfb34f82 sp=0x0000002306efc700 mode 2
Event: 4.310 Thread 0x000001eef1b02250 Uncommon trap: trap_request=0xffffff4d fr.pc=0x000001eee0259c94 relative=0x00000000000000f4
Event: 4.310 Thread 0x000001eef1b02250 Uncommon trap: reason=unstable_if action=reinterpret pc=0x000001eee0259c94 method=java.lang.Long.valueOf(J)Ljava/lang/Long; @ 9 c2
Event: 4.311 Thread 0x000001eef1b02250 DEOPT PACKING pc=0x000001eee0259c94 sp=0x0000002306efe530
Event: 4.311 Thread 0x000001eef1b02250 DEOPT UNPACKING pc=0x000001eedfb34f82 sp=0x0000002306efe4c8 mode 2
Event: 4.327 Thread 0x000001eef1b02250 Uncommon trap: trap_request=0xffffff4d fr.pc=0x000001eee0266470 relative=0x00000000000003d0
Event: 4.327 Thread 0x000001eef1b02250 Uncommon trap: reason=unstable_if action=reinterpret pc=0x000001eee0266470 method=java.io.ByteArrayOutputStream.ensureCapacity(I)V @ 11 c2
Event: 4.327 Thread 0x000001eef1b02250 DEOPT PACKING pc=0x000001eee0266470 sp=0x0000002306efe380
Event: 4.327 Thread 0x000001eef1b02250 DEOPT UNPACKING pc=0x000001eedfb34f82 sp=0x0000002306efe260 mode 2
Event: 4.336 Thread 0x000001eef1b02250 Uncommon trap: trap_request=0xffffff4d fr.pc=0x000001eee0265eac relative=0x000000000000020c
Event: 4.336 Thread 0x000001eef1b02250 Uncommon trap: reason=unstable_if action=reinterpret pc=0x000001eee0265eac method=java.io.ByteArrayOutputStream.ensureCapacity(I)V @ 11 c2
Event: 4.336 Thread 0x000001eef1b02250 DEOPT PACKING pc=0x000001eee0265eac sp=0x0000002306efe260
Event: 4.336 Thread 0x000001eef1b02250 DEOPT UNPACKING pc=0x000001eedfb34f82 sp=0x0000002306efe198 mode 2

Classes loaded (20 events):
Event: 4.290 Loading class jdk/jfr/internal/MetadataWriter
Event: 4.291 Loading class jdk/jfr/internal/MetadataWriter done
Event: 4.291 Loading class jdk/jfr/internal/MetadataDescriptor$Element
Event: 4.292 Loading class jdk/jfr/internal/MetadataDescriptor$Element done
Event: 4.292 Loading class jdk/jfr/internal/MetadataDescriptor$Attribute
Event: 4.292 Loading class jdk/jfr/internal/MetadataDescriptor$Attribute done
Event: 4.316 Loading class jdk/jfr/internal/consumer/StringParser$Encoding
Event: 4.317 Loading class jdk/jfr/internal/consumer/StringParser$Encoding done
Event: 4.342 Loading class jdk/jfr/internal/consumer/RepositoryFiles
Event: 4.343 Loading class jdk/jfr/internal/consumer/RepositoryFiles done
Event: 4.348 Loading class jdk/jfr/internal/SettingsManager$InternalSetting
Event: 4.348 Loading class jdk/jfr/internal/SettingsManager$InternalSetting done
Event: 4.352 Loading class jdk/jfr/internal/util/Rate
Event: 4.353 Loading class jdk/jfr/internal/util/Rate done
Event: 4.353 Loading class jdk/jfr/internal/util/TimespanUnit
Event: 4.354 Loading class jdk/jfr/internal/util/TimespanUnit done
Event: 4.355 Loading class jdk/jfr/internal/util/ValueParser
Event: 4.355 Loading class jdk/jfr/internal/util/ValueParser done
Event: 4.358 Loading class jdk/jfr/internal/periodic/PeriodicType
Event: 4.359 Loading class jdk/jfr/internal/periodic/PeriodicType done

Classes unloaded (0 events):
No events

Classes redefined (0 events):
No events

Internal exceptions (20 events):
Event: 2.850 Thread 0x000001eec72b8090 Exception <a 'java/lang/NoSuchMethodError'{0x0000000699cc9648}: 'double java.lang.invoke.DelegatingMethodHandle$Holder.reinvoke_L(java.lang.Object, java.lang.Object, int)'> (0x0000000699cc9648) 
thrown [s\open\src\hotspot\share\interpreter\linkResolver.cpp, line 805]
Event: 2.853 Thread 0x000001eec72b8090 Exception <a 'java/lang/NoSuchMethodError'{0x0000000699ce0768}: 'java.lang.Object java.lang.invoke.DirectMethodHandle$Holder.invokeStatic(java.lang.Object, java.lang.Object, java.lang.Object, java.lang.Object, int)'> (0x0000000699ce0768) 
thrown [s\open\src\hotspot\share\interpreter\linkResolver.cpp, line 805]
Event: 2.855 Thread 0x000001eec72b8090 Exception <a 'java/lang/NoSuchMethodError'{0x0000000699cf9888}: 'void java.lang.invoke.DelegatingMethodHandle$Holder.reinvoke_L(java.lang.Object, java.lang.Object, double)'> (0x0000000699cf9888) 
thrown [s\open\src\hotspot\share\interpreter\linkResolver.cpp, line 805]
Event: 2.861 Thread 0x000001eec72b8090 Exception <a 'java/lang/NoSuchMethodError'{0x0000000699d1b8d0}: 'void java.lang.invoke.DirectMethodHandle$Holder.invokeSpecial(java.lang.Object, java.lang.Object, int)'> (0x0000000699d1b8d0) 
thrown [s\open\src\hotspot\share\interpreter\linkResolver.cpp, line 805]
Event: 2.863 Thread 0x000001eec72b8090 Exception <a 'java/lang/NoSuchMethodError'{0x0000000699d2bf90}: 'void java.lang.invoke.DelegatingMethodHandle$Holder.reinvoke_L(java.lang.Object, java.lang.Object, int)'> (0x0000000699d2bf90) 
thrown [s\open\src\hotspot\share\interpreter\linkResolver.cpp, line 805]
Event: 2.909 Thread 0x000001eec72b8090 Exception <a 'java/lang/NoSuchMethodError'{0x0000000699e0c630}: 'void java.lang.invoke.Invokers$Holder.invokeExact_MT(java.lang.Object, java.lang.Object, java.lang.Object, java.lang.Object)'> (0x0000000699e0c630) 
thrown [s\open\src\hotspot\share\interpreter\linkResolver.cpp, line 805]
Event: 2.971 Thread 0x000001eec72b8090 Implicit null exception at 0x000001eee01b4659 to 0x000001eee01b545c
Event: 2.994 Thread 0x000001eec72b8090 Implicit null exception at 0x000001eee01eec8d to 0x000001eee01eeef4
Event: 3.119 Thread 0x000001eec72b8090 Implicit null exception at 0x000001eee01d790d to 0x000001eee01d7b78
Event: 3.121 Thread 0x000001eec72b8090 Implicit null exception at 0x000001eee017139d to 0x000001eee0171419
Event: 3.208 Thread 0x000001eec72b8090 Exception <a 'java/lang/IncompatibleClassChangeError'{0x00000006990eafb0}: Found class java.lang.Object, but interface was expected> (0x00000006990eafb0) 
thrown [s\open\src\hotspot\share\interpreter\linkResolver.cpp, line 872]
Event: 3.290 Thread 0x000001eec72b8090 Exception <a 'java/lang/NoSuchMethodError'{0x0000000699324dc0}: 'int java.lang.invoke.DirectMethodHandle$Holder.invokeSpecial(java.lang.Object, java.lang.Object, int)'> (0x0000000699324dc0) 
thrown [s\open\src\hotspot\share\interpreter\linkResolver.cpp, line 805]
Event: 3.329 Thread 0x000001eec72b8090 Exception <a 'java/lang/NoSuchMethodError'{0x0000000698c26790}: 'java.lang.Object java.lang.invoke.DirectMethodHandle$Holder.newInvokeSpecial(java.lang.Object, java.lang.Object, int)'> (0x0000000698c26790) 
thrown [s\open\src\hotspot\share\interpreter\linkResolver.cpp, line 805]
Event: 3.403 Thread 0x000001eec68599e0 Exception <a 'java/lang/NoSuchMethodError'{0x0000000698df2a20}: 'int java.lang.invoke.DirectMethodHandle$Holder.invokeStaticInit(java.lang.Object, java.lang.Object)'> (0x0000000698df2a20) 
thrown [s\open\src\hotspot\share\interpreter\linkResolver.cpp, line 805]
Event: 4.021 Thread 0x000001eef1b02250 Exception <a 'java/lang/NoSuchMethodError'{0x00000006986aab78}: 'int java.lang.invoke.DirectMethodHandle$Holder.invokeStatic(java.lang.Object, java.lang.Object, java.lang.Object, java.lang.Object)'> (0x00000006986aab78) 
thrown [s\open\src\hotspot\share\interpreter\linkResolver.cpp, line 805]
Event: 4.248 Thread 0x000001eef1b02250 Exception <a 'java/lang/NoSuchMethodError'{0x0000000697aa83b8}: 'void java.lang.invoke.Invokers$Holder.invokeExact_MT(java.lang.Object, int, java.lang.Object)'> (0x0000000697aa83b8) 
thrown [s\open\src\hotspot\share\interpreter\linkResolver.cpp, line 805]
Event: 4.254 Thread 0x000001eef1b02250 Exception <a 'java/lang/NoSuchMethodError'{0x0000000697ac2700}: 'void java.lang.invoke.DirectMethodHandle$Holder.invokeStatic(java.lang.Object, java.lang.Object, int)'> (0x0000000697ac2700) 
thrown [s\open\src\hotspot\share\interpreter\linkResolver.cpp, line 805]
Event: 4.273 Thread 0x000001eef1b02250 Exception <a 'sun/nio/fs/WindowsException'{0x0000000697b59728}> (0x0000000697b59728) 
thrown [s\open\src\hotspot\share\prims\jni.cpp, line 518]
Event: 4.277 Thread 0x000001eef1b02250 Exception <a 'sun/nio/fs/WindowsException'{0x0000000697b664e0}> (0x0000000697b664e0) 
thrown [s\open\src\hotspot\share\prims\jni.cpp, line 518]
Event: 4.284 Thread 0x000001eef1b02250 Exception <a 'sun/nio/fs/WindowsException'{0x0000000697b78268}> (0x0000000697b78268) 
thrown [s\open\src\hotspot\share\prims\jni.cpp, line 518]

VM Operations (20 events):
Event: 1.229 Executing VM operation: HandshakeAllThreads (Deoptimize)
Event: 1.229 Executing VM operation: HandshakeAllThreads (Deoptimize) done
Event: 1.503 Executing VM operation: HandshakeAllThreads (Deoptimize)
Event: 1.503 Executing VM operation: HandshakeAllThreads (Deoptimize) done
Event: 1.824 Executing VM operation: G1CollectForAllocation (G1 Evacuation Pause)
Event: 1.837 Executing VM operation: G1CollectForAllocation (G1 Evacuation Pause) done
Event: 2.484 Executing VM operation: HandshakeAllThreads (Deoptimize)
Event: 2.484 Executing VM operation: HandshakeAllThreads (Deoptimize) done
Event: 2.687 Executing VM operation: HandshakeAllThreads (Deoptimize)
Event: 2.687 Executing VM operation: HandshakeAllThreads (Deoptimize) done
Event: 2.687 Executing VM operation: HandshakeAllThreads (Deoptimize)
Event: 2.687 Executing VM operation: HandshakeAllThreads (Deoptimize) done
Event: 3.141 Executing VM operation: HandshakeAllThreads (Deoptimize)
Event: 3.141 Executing VM operation: HandshakeAllThreads (Deoptimize) done
Event: 3.141 Executing VM operation: HandshakeAllThreads (Deoptimize)
Event: 3.141 Executing VM operation: HandshakeAllThreads (Deoptimize) done
Event: 4.258 Executing VM operation: HandshakeAllThreads (Deoptimize)
Event: 4.259 Executing VM operation: HandshakeAllThreads (Deoptimize) done
Event: 4.344 Executing VM operation: JFRSafepointClear
Event: 4.344 Executing VM operation: JFRSafepointClear done

Memory protections (0 events):
No events

Nmethod flushes (0 events):
No events

Events (20 events):
Event: 2.803 Thread 0x000001eec7528000 Thread exited: 0x000001eec7528000
Event: 3.119 Thread 0x000001eec7526c60 Thread exited: 0x000001eec7526c60
Event: 3.119 Thread 0x000001eec5f0ffd0 Thread exited: 0x000001eec5f0ffd0
Event: 3.119 Thread 0x000001eec52d68c0 Thread exited: 0x000001eec52d68c0
Event: 3.120 Thread 0x000001eec5287e00 Thread exited: 0x000001eec5287e00
Event: 3.120 Thread 0x000001eec5164610 Thread exited: 0x000001eec5164610
Event: 3.199 Thread 0x000001eec72b8090 Thread added: 0x000001eec5c2ccd0
Event: 3.202 Thread 0x000001eec5220780 Thread exited: 0x000001eec5220780
Event: 3.279 Thread 0x000001eec5132720 Thread added: 0x000001eec743aea0
Event: 3.280 Thread 0x000001eef1b0a580 Thread added: 0x000001eec743b630
Event: 3.405 Thread 0x000001eec743b630 Thread exited: 0x000001eec743b630
Event: 3.451 Thread 0x000001eec68599e0 Thread added: 0x000001eef28457f0
Event: 3.874 Thread 0x000001eec743aea0 Thread exited: 0x000001eec743aea0
Event: 3.888 Thread 0x000001eef1b0a580 Thread added: 0x000001eec7439f80
Event: 3.918 Thread 0x000001eef1b02250 Thread added: 0x000001eef2847c80
Event: 4.042 Thread 0x000001eef1b0c4b0 Thread added: 0x000001eec743a710
Event: 4.049 Thread 0x000001eec5133050 Thread added: 0x000001eec743b630
Event: 4.255 Thread 0x000001eef1b02250 Thread added: 0x000001eef2844950
Event: 4.506 Thread 0x000001eec743b630 Thread exited: 0x000001eec743b630
Event: 4.506 Thread 0x000001eec743a710 Thread exited: 0x000001eec743a710


Dynamic libraries:
0x00007ff660860000 - 0x00007ff66086e000 	C:\Users\santi\.jdks\openjdk-24.0.1\bin\java.exe
0x00007ffad2260000 - 0x00007ffad24c6000 	C:\WINDOWS\SYSTEM32\ntdll.dll
0x00007ffad13f0000 - 0x00007ffad14b9000 	C:\WINDOWS\System32\KERNEL32.DLL
0x00007ffacf8d0000 - 0x00007ffacfc9c000 	C:\WINDOWS\System32\KERNELBASE.dll
0x00007ffacfca0000 - 0x00007ffacfdeb000 	C:\WINDOWS\System32\ucrtbase.dll
0x00007ffab4c50000 - 0x00007ffab4c66000 	C:\Users\santi\.jdks\openjdk-24.0.1\bin\jli.dll
0x00007ffab4c10000 - 0x00007ffab4c2b000 	C:\Users\santi\.jdks\openjdk-24.0.1\bin\VCRUNTIME140.dll
0x00007ffad1630000 - 0x00007ffad17fa000 	C:\WINDOWS\System32\USER32.dll
0x00007ffab68c0000 - 0x00007ffab6b5a000 	C:\WINDOWS\WinSxS\amd64_microsoft.windows.common-controls_6595b64144ccf1df_6.0.26100.3912_none_3e07963ce335137e\COMCTL32.dll
0x00007ffacf540000 - 0x00007ffacf567000 	C:\WINDOWS\System32\win32u.dll
0x00007ffad1890000 - 0x00007ffad1939000 	C:\WINDOWS\System32\msvcrt.dll
0x00007ffad2140000 - 0x00007ffad216b000 	C:\WINDOWS\System32\GDI32.dll
0x00007ffacf610000 - 0x00007ffacf742000 	C:\WINDOWS\System32\gdi32full.dll
0x00007ffacfe80000 - 0x00007ffacff23000 	C:\WINDOWS\System32\msvcp_win.dll
0x00007ffad14c0000 - 0x00007ffad14f0000 	C:\WINDOWS\System32\IMM32.DLL
0x00007ffac9270000 - 0x00007ffac927c000 	C:\Users\santi\.jdks\openjdk-24.0.1\bin\vcruntime140_1.dll
0x00007ffab2300000 - 0x00007ffab238e000 	C:\Users\santi\.jdks\openjdk-24.0.1\bin\msvcp140.dll
0x00007ffa38e30000 - 0x00007ffa39bd2000 	C:\Users\santi\.jdks\openjdk-24.0.1\bin\server\jvm.dll
0x00007ffad1500000 - 0x00007ffad15b2000 	C:\WINDOWS\System32\ADVAPI32.dll
0x00007ffad0070000 - 0x00007ffad0116000 	C:\WINDOWS\System32\sechost.dll
0x00007ffad1aa0000 - 0x00007ffad1bb6000 	C:\WINDOWS\System32\RPCRT4.dll
0x00007ffad1200000 - 0x00007ffad1274000 	C:\WINDOWS\System32\WS2_32.dll
0x00007ffacdfc0000 - 0x00007fface01e000 	C:\WINDOWS\SYSTEM32\POWRPROF.dll
0x00007ffabc760000 - 0x00007ffabc796000 	C:\WINDOWS\SYSTEM32\WINMM.dll
0x00007ffabf3e0000 - 0x00007ffabf3eb000 	C:\WINDOWS\SYSTEM32\VERSION.dll
0x00007ffacdf90000 - 0x00007ffacdfa4000 	C:\WINDOWS\SYSTEM32\UMPDC.dll
0x00007fface270000 - 0x00007fface28a000 	C:\WINDOWS\SYSTEM32\kernel.appcore.dll
0x00007ffab9680000 - 0x00007ffab968a000 	C:\Users\santi\.jdks\openjdk-24.0.1\bin\jimage.dll
0x00007ffaccb20000 - 0x00007ffaccd61000 	C:\WINDOWS\SYSTEM32\DBGHELP.DLL
0x00007ffad1bc0000 - 0x00007ffad1f44000 	C:\WINDOWS\System32\combase.dll
0x00007ffad1300000 - 0x00007ffad13e0000 	C:\WINDOWS\System32\OLEAUT32.dll
0x00007ffa9eb30000 - 0x00007ffa9eb69000 	C:\WINDOWS\SYSTEM32\dbgcore.DLL
0x00007ffacf570000 - 0x00007ffacf609000 	C:\WINDOWS\System32\bcryptPrimitives.dll
0x00007ffab7780000 - 0x00007ffab778f000 	C:\Users\santi\.jdks\openjdk-24.0.1\bin\instrument.dll
0x00007ffab3760000 - 0x00007ffab377e000 	C:\Users\santi\.jdks\openjdk-24.0.1\bin\java.dll
0x00007ffad0da0000 - 0x00007ffad0f3f000 	C:\WINDOWS\System32\ole32.dll
0x00007ffad0130000 - 0x00007ffad085d000 	C:\WINDOWS\System32\SHELL32.dll
0x00007ffacf750000 - 0x00007ffacf8c4000 	C:\WINDOWS\System32\wintypes.dll
0x00007ffacd030000 - 0x00007ffacd886000 	C:\WINDOWS\SYSTEM32\windows.storage.dll
0x00007ffad1100000 - 0x00007ffad11ef000 	C:\WINDOWS\System32\SHCORE.dll
0x00007ffacfff0000 - 0x00007ffad0059000 	C:\WINDOWS\System32\shlwapi.dll
0x00007ffacf2d0000 - 0x00007ffacf2ff000 	C:\WINDOWS\SYSTEM32\profapi.dll
0x00007ffaa4a80000 - 0x00007ffaa4b57000 	C:\Users\santi\.jdks\openjdk-24.0.1\bin\jsvml.dll
0x00007ffab65a0000 - 0x00007ffab65b0000 	C:\Users\santi\.jdks\openjdk-24.0.1\bin\net.dll
0x00007fface7f0000 - 0x00007fface85a000 	C:\WINDOWS\system32\mswsock.dll
0x00007ffab35f0000 - 0x00007ffab3606000 	C:\Users\santi\.jdks\openjdk-24.0.1\bin\nio.dll
0x00007ffab3410000 - 0x00007ffab3427000 	C:\Users\santi\.jdks\openjdk-24.0.1\bin\zip.dll
0x00007ffab4c40000 - 0x00007ffab4c49000 	C:\Users\santi\.jdks\openjdk-24.0.1\bin\extnet.dll
0x00007ffacdc80000 - 0x00007ffacdda7000 	C:\WINDOWS\SYSTEM32\DNSAPI.dll
0x00007ffacdbf0000 - 0x00007ffacdc23000 	C:\WINDOWS\SYSTEM32\IPHLPAPI.DLL
0x00007ffad0f50000 - 0x00007ffad0f5a000 	C:\WINDOWS\System32\NSI.dll
0x0000000063180000 - 0x00000000631a6000 	C:\Program Files\Bonjour\mdnsNSP.dll
0x00007ffaba7d0000 - 0x00007ffaba7db000 	C:\Windows\System32\rasadhlp.dll
0x00007ffac6f50000 - 0x00007ffac6fd6000 	C:\WINDOWS\System32\fwpuclnt.dll
0x00007ffab4c00000 - 0x00007ffab4c0a000 	C:\Users\santi\.jdks\openjdk-24.0.1\bin\management.dll
0x00007ffab3400000 - 0x00007ffab340b000 	C:\Users\santi\.jdks\openjdk-24.0.1\bin\management_ext.dll
0x00007ffad0060000 - 0x00007ffad0068000 	C:\WINDOWS\System32\PSAPI.DLL
0x000001eec6bf0000 - 0x000001eec6bf4000 	D:\CHEEMYS\PATHS\JavaFX\javafx-sdk-24.0.1\bin\api-ms-win-core-console-l1-1-0.dll
0x000001eec70c0000 - 0x000001eec70c4000 	D:\CHEEMYS\PATHS\JavaFX\javafx-sdk-24.0.1\bin\api-ms-win-core-console-l1-2-0.dll
0x000001eec70d0000 - 0x000001eec70d4000 	D:\CHEEMYS\PATHS\JavaFX\javafx-sdk-24.0.1\bin\api-ms-win-core-datetime-l1-1-0.dll
0x000001eec70e0000 - 0x000001eec70e4000 	D:\CHEEMYS\PATHS\JavaFX\javafx-sdk-24.0.1\bin\api-ms-win-core-debug-l1-1-0.dll
0x000001eec70f0000 - 0x000001eec70f4000 	D:\CHEEMYS\PATHS\JavaFX\javafx-sdk-24.0.1\bin\api-ms-win-core-errorhandling-l1-1-0.dll
0x000001eec7100000 - 0x000001eec7105000 	D:\CHEEMYS\PATHS\JavaFX\javafx-sdk-24.0.1\bin\api-ms-win-core-file-l1-1-0.dll
0x000001eec7110000 - 0x000001eec7114000 	D:\CHEEMYS\PATHS\JavaFX\javafx-sdk-24.0.1\bin\api-ms-win-core-file-l1-2-0.dll
0x000001eec7120000 - 0x000001eec7124000 	D:\CHEEMYS\PATHS\JavaFX\javafx-sdk-24.0.1\bin\api-ms-win-core-file-l2-1-0.dll
0x000001eec7130000 - 0x000001eec7134000 	D:\CHEEMYS\PATHS\JavaFX\javafx-sdk-24.0.1\bin\api-ms-win-core-handle-l1-1-0.dll
0x000001eec7140000 - 0x000001eec7144000 	D:\CHEEMYS\PATHS\JavaFX\javafx-sdk-24.0.1\bin\api-ms-win-core-heap-l1-1-0.dll
0x000001eec7150000 - 0x000001eec7154000 	D:\CHEEMYS\PATHS\JavaFX\javafx-sdk-24.0.1\bin\api-ms-win-core-interlocked-l1-1-0.dll
0x000001eec7160000 - 0x000001eec7164000 	D:\CHEEMYS\PATHS\JavaFX\javafx-sdk-24.0.1\bin\api-ms-win-core-libraryloader-l1-1-0.dll
0x000001eec7170000 - 0x000001eec7174000 	D:\CHEEMYS\PATHS\JavaFX\javafx-sdk-24.0.1\bin\api-ms-win-core-localization-l1-2-0.dll
0x000001eec7180000 - 0x000001eec7184000 	D:\CHEEMYS\PATHS\JavaFX\javafx-sdk-24.0.1\bin\api-ms-win-core-memory-l1-1-0.dll
0x000001eec7190000 - 0x000001eec7194000 	D:\CHEEMYS\PATHS\JavaFX\javafx-sdk-24.0.1\bin\api-ms-win-core-namedpipe-l1-1-0.dll
0x000001eec71a0000 - 0x000001eec71a4000 	D:\CHEEMYS\PATHS\JavaFX\javafx-sdk-24.0.1\bin\api-ms-win-core-processenvironment-l1-1-0.dll
0x000001eec71b0000 - 0x000001eec71b4000 	D:\CHEEMYS\PATHS\JavaFX\javafx-sdk-24.0.1\bin\api-ms-win-core-processthreads-l1-1-0.dll
0x000001eec81a0000 - 0x000001eec81a4000 	D:\CHEEMYS\PATHS\JavaFX\javafx-sdk-24.0.1\bin\api-ms-win-core-processthreads-l1-1-1.dll
0x000001eec81b0000 - 0x000001eec81b4000 	D:\CHEEMYS\PATHS\JavaFX\javafx-sdk-24.0.1\bin\api-ms-win-core-profile-l1-1-0.dll
0x000001eec81c0000 - 0x000001eec81c4000 	D:\CHEEMYS\PATHS\JavaFX\javafx-sdk-24.0.1\bin\api-ms-win-core-rtlsupport-l1-1-0.dll
0x000001eec81d0000 - 0x000001eec81d4000 	D:\CHEEMYS\PATHS\JavaFX\javafx-sdk-24.0.1\bin\api-ms-win-core-string-l1-1-0.dll
0x000001eec81e0000 - 0x000001eec81e4000 	D:\CHEEMYS\PATHS\JavaFX\javafx-sdk-24.0.1\bin\api-ms-win-core-synch-l1-1-0.dll
0x000001eec81f0000 - 0x000001eec81f4000 	D:\CHEEMYS\PATHS\JavaFX\javafx-sdk-24.0.1\bin\api-ms-win-core-synch-l1-2-0.dll
0x000001eec8200000 - 0x000001eec8204000 	D:\CHEEMYS\PATHS\JavaFX\javafx-sdk-24.0.1\bin\api-ms-win-core-sysinfo-l1-1-0.dll
0x000001eec8210000 - 0x000001eec8214000 	D:\CHEEMYS\PATHS\JavaFX\javafx-sdk-24.0.1\bin\api-ms-win-core-timezone-l1-1-0.dll
0x000001eec8220000 - 0x000001eec8224000 	D:\CHEEMYS\PATHS\JavaFX\javafx-sdk-24.0.1\bin\api-ms-win-core-util-l1-1-0.dll
0x000001eec8230000 - 0x000001eec8234000 	D:\CHEEMYS\PATHS\JavaFX\javafx-sdk-24.0.1\bin\api-ms-win-crt-conio-l1-1-0.dll
0x000001eec8240000 - 0x000001eec8245000 	D:\CHEEMYS\PATHS\JavaFX\javafx-sdk-24.0.1\bin\api-ms-win-crt-convert-l1-1-0.dll
0x000001eec8250000 - 0x000001eec8254000 	D:\CHEEMYS\PATHS\JavaFX\javafx-sdk-24.0.1\bin\api-ms-win-crt-environment-l1-1-0.dll
0x000001eec8260000 - 0x000001eec8264000 	D:\CHEEMYS\PATHS\JavaFX\javafx-sdk-24.0.1\bin\api-ms-win-crt-filesystem-l1-1-0.dll
0x000001eec8270000 - 0x000001eec8274000 	D:\CHEEMYS\PATHS\JavaFX\javafx-sdk-24.0.1\bin\api-ms-win-crt-heap-l1-1-0.dll
0x000001eec8280000 - 0x000001eec8284000 	D:\CHEEMYS\PATHS\JavaFX\javafx-sdk-24.0.1\bin\api-ms-win-crt-locale-l1-1-0.dll
0x000001eec8290000 - 0x000001eec8296000 	D:\CHEEMYS\PATHS\JavaFX\javafx-sdk-24.0.1\bin\api-ms-win-crt-math-l1-1-0.dll
0x000001eec82a0000 - 0x000001eec82a6000 	D:\CHEEMYS\PATHS\JavaFX\javafx-sdk-24.0.1\bin\api-ms-win-crt-multibyte-l1-1-0.dll
0x000001eec85f0000 - 0x000001eec8601000 	D:\CHEEMYS\PATHS\JavaFX\javafx-sdk-24.0.1\bin\api-ms-win-crt-private-l1-1-0.dll
0x000001eec8610000 - 0x000001eec8614000 	D:\CHEEMYS\PATHS\JavaFX\javafx-sdk-24.0.1\bin\api-ms-win-crt-process-l1-1-0.dll
0x000001eec8620000 - 0x000001eec8625000 	D:\CHEEMYS\PATHS\JavaFX\javafx-sdk-24.0.1\bin\api-ms-win-crt-runtime-l1-1-0.dll
0x000001eec8630000 - 0x000001eec8635000 	D:\CHEEMYS\PATHS\JavaFX\javafx-sdk-24.0.1\bin\api-ms-win-crt-stdio-l1-1-0.dll
0x000001eec8640000 - 0x000001eec8645000 	D:\CHEEMYS\PATHS\JavaFX\javafx-sdk-24.0.1\bin\api-ms-win-crt-string-l1-1-0.dll
0x000001eec8650000 - 0x000001eec8654000 	D:\CHEEMYS\PATHS\JavaFX\javafx-sdk-24.0.1\bin\api-ms-win-crt-time-l1-1-0.dll
0x000001eec82b0000 - 0x000001eec82b4000 	D:\CHEEMYS\PATHS\JavaFX\javafx-sdk-24.0.1\bin\api-ms-win-crt-utility-l1-1-0.dll
0x00007ffa64a60000 - 0x00007ffa64b71000 	D:\CHEEMYS\PATHS\JavaFX\javafx-sdk-24.0.1\bin\ucrtbase.dll
0x00007ffaaf8d0000 - 0x00007ffaaf8eb000 	D:\CHEEMYS\PATHS\JavaFX\javafx-sdk-24.0.1\bin\vcruntime140.dll
0x00007ffab2e90000 - 0x00007ffab2e9c000 	D:\CHEEMYS\PATHS\JavaFX\javafx-sdk-24.0.1\bin\vcruntime140_1.dll
0x00007ffa98380000 - 0x00007ffa9840e000 	D:\CHEEMYS\PATHS\JavaFX\javafx-sdk-24.0.1\bin\msvcp140.dll
0x00007ffab2db0000 - 0x00007ffab2db9000 	D:\CHEEMYS\PATHS\JavaFX\javafx-sdk-24.0.1\bin\msvcp140_1.dll
0x00007ffaa4a30000 - 0x00007ffaa4a71000 	D:\CHEEMYS\PATHS\JavaFX\javafx-sdk-24.0.1\bin\msvcp140_2.dll
0x00007ffaa8390000 - 0x00007ffaa83c0000 	D:\CHEEMYS\PATHS\JavaFX\javafx-sdk-24.0.1\bin\prism_d3d.dll
0x00007ffaa3a30000 - 0x00007ffaa3be5000 	C:\WINDOWS\system32\d3d9.dll
0x00007ffacc4a0000 - 0x00007ffacc4d6000 	C:\WINDOWS\SYSTEM32\dwmapi.dll
0x00007ffacc530000 - 0x00007ffacc577000 	C:\WINDOWS\SYSTEM32\dxcore.dll
0x00007ffacbef0000 - 0x00007ffacbf9f000 	C:\WINDOWS\system32\uxtheme.dll
0x00007ffa60430000 - 0x00007ffa6059c000 	C:\WINDOWS\System32\DriverStore\FileRepository\iigd_dch.inf_amd64_5802b1615520e41c\igdumdim64.dll
0x00007ffa51ae0000 - 0x00007ffa556e6000 	C:\WINDOWS\System32\DriverStore\FileRepository\iigd_dch.inf_amd64_5802b1615520e41c\igd9dxva64.dll
0x00007ffad0910000 - 0x00007ffad0d96000 	C:\WINDOWS\System32\SETUPAPI.dll
0x00007ffacf030000 - 0x00007ffacf087000 	C:\WINDOWS\SYSTEM32\cfgmgr32.dll
0x00007ffac2b00000 - 0x00007ffac2ec7000 	C:\WINDOWS\System32\DriverStore\FileRepository\iigd_dch.inf_amd64_5802b1615520e41c\igdgmm64.dll
0x00007ffacc2b0000 - 0x00007ffacc310000 	C:\WINDOWS\SYSTEM32\directxdatabasehelper.dll
0x00007ffa98ec0000 - 0x00007ffa98f08000 	D:\CHEEMYS\PATHS\JavaFX\javafx-sdk-24.0.1\bin\glass.dll
0x00007ffad1940000 - 0x00007ffad1a34000 	C:\WINDOWS\System32\COMDLG32.dll
0x00007ffad0860000 - 0x00007ffad0908000 	C:\WINDOWS\System32\clbcatq.dll
0x00007ffaac770000 - 0x00007ffaac8c6000 	C:\Windows\System32\Windows.UI.dll
0x00007ffaba910000 - 0x00007ffaba9d2000 	C:\Windows\System32\Windows.Networking.Connectivity.dll
0x00007ffabec50000 - 0x00007ffabee8c000 	C:\Windows\System32\twinapi.appcore.dll
0x00007ffad0f90000 - 0x00007ffad10ef000 	C:\WINDOWS\System32\MSCTF.dll
0x00007ffaceac0000 - 0x00007ffaceadc000 	C:\WINDOWS\SYSTEM32\CRYPTSP.dll
0x00007ffa86940000 - 0x00007ffa86967000 	C:\WINDOWS\System32\DriverStore\FileRepository\iigd_dch.inf_amd64_5802b1615520e41c\igdinfo64.dll
0x00007fface1d0000 - 0x00007fface20a000 	C:\WINDOWS\system32\rsaenh.dll
0x00007fface890000 - 0x00007fface8bb000 	C:\WINDOWS\SYSTEM32\USERENV.dll
0x00007ffabf420000 - 0x00007ffac2a31000 	C:\WINDOWS\System32\DriverStore\FileRepository\iigd_dch.inf_amd64_5802b1615520e41c\igc64.dll
0x00007ffacf2a0000 - 0x00007ffacf2c6000 	C:\WINDOWS\SYSTEM32\bcrypt.dll

JVMTI agents:
C:\Program Files\JetBrains\IntelliJ IDEA 2025.1\lib\idea_rt.jar path:C:\Users\santi\.jdks\openjdk-24.0.1\bin\instrument.dll, loaded, initialized, instrumentlib options:61080

dbghelp: loaded successfully - version: 4.0.5 - missing functions: none
symbol engine: initialized successfully - sym options: 0x614 - pdb path: .;C:\Users\santi\.jdks\openjdk-24.0.1\bin;C:\WINDOWS\SYSTEM32;C:\WINDOWS\WinSxS\amd64_microsoft.windows.common-controls_6595b64144ccf1df_6.0.26100.3912_none_3e07963ce335137e;C:\Users\santi\.jdks\openjdk-24.0.1\bin\server;C:\Program Files\Bonjour;D:\CHEEMYS\PATHS\JavaFX\javafx-sdk-24.0.1\bin;C:\WINDOWS\System32\DriverStore\FileRepository\iigd_dch.inf_amd64_5802b1615520e41c;C:\Program Files\Common Files\Microsoft Shared\Ink;C:\Users\santi\AppData\Local\Temp\idea_libasyncProfiler_dll_temp_folder

VM Arguments:
jvm_args: --module-path=D:\CHEEMYS\PATHS\JavaFX\javafx-sdk-24.0.1\lib --add-modules=javafx.controls,javafx.fxml -javaagent:C:\Program Files\JetBrains\IntelliJ IDEA 2025.1\lib\idea_rt.jar=61080 -Dfile.encoding=UTF-8 -Dsun.stdout.encoding=UTF-8 -Dsun.stderr.encoding=UTF-8 
java_command: application.Main
java_class_path (initial): D:\CHEEMYS\EPN\SEMESTRE IV\EDA II\Proyecto\Proyecto_IB\Visual_App_BIS_S\target\classes;C:\Users\santi\.m2\repository\org\openjfx\javafx-media\24\javafx-media-24.jar;C:\Users\santi\.m2\repository\org\openjfx\javafx-media\24\javafx-media-24-win.jar;C:\Users\santi\.m2\repository\org\openjfx\javafx-graphics\24\javafx-graphics-24.jar;C:\Users\santi\.m2\repository\org\openjfx\javafx-graphics\24\javafx-graphics-24-win.jar;C:\Users\santi\.m2\repository\org\openjfx\javafx-controls\24\javafx-controls-24.jar;C:\Users\santi\.m2\repository\org\openjfx\javafx-controls\24\javafx-controls-24-win.jar;C:\Users\santi\.m2\repository\org\openjfx\javafx-swing\24\javafx-swing-24.jar;C:\Users\santi\.m2\repository\org\openjfx\javafx-swing\24\javafx-swing-24-win.jar;C:\Users\santi\.m2\repository\org\openjfx\javafx-fxml\24\javafx-fxml-24.jar;C:\Users\santi\.m2\repository\org\openjfx\javafx-fxml\24\javafx-fxml-24-win.jar;C:\Users\santi\.m2\repository\org\openjfx\javafx-base\24\javafx-base-24.jar;C:\Users\santi\.m2\repository\org\openjfx\javafx-base\24\javafx-base-24-win.jar
Launcher Type: SUN_STANDARD

[Global flags]
     intx CICompilerCount                          = 12                                        {product} {ergonomic}
     uint ConcGCThreads                            = 3                                         {product} {ergonomic}
     bool FlightRecorder                           = true                                      {product} {management}
     uint G1ConcRefinementThreads                  = 13                                        {product} {ergonomic}
   size_t G1HeapRegionSize                         = 4194304                                   {product} {ergonomic}
   size_t InitialHeapSize                          = 402653184                                 {product} {ergonomic}
   size_t MarkStackSize                            = 4194304                                   {product} {ergonomic}
   size_t MarkStackSizeMax                         = 536870912                                 {product} {ergonomic}
   size_t MaxHeapSize                              = 6387924992                                {product} {ergonomic}
   size_t MaxNewSize                               = 3829399552                                {product} {ergonomic}
   size_t MinHeapDeltaBytes                        = 4194304                                   {product} {ergonomic}
   size_t MinHeapSize                              = 8388608                                   {product} {ergonomic}
    uintx NonNMethodCodeHeapSize                   = 7602176                                {pd product} {ergonomic}
    uintx NonProfiledCodeHeapSize                  = 122093568                              {pd product} {ergonomic}
    uintx ProfiledCodeHeapSize                     = 121962496                              {pd product} {ergonomic}
    uintx ReservedCodeCacheSize                    = 251658240                              {pd product} {ergonomic}
     bool SegmentedCodeCache                       = true                                      {product} {ergonomic}
   size_t SoftMaxHeapSize                          = 6387924992                             {manageable} {ergonomic}
     bool UseCompressedOops                        = true                           {product lp64_product} {ergonomic}
     bool UseG1GC                                  = true                                      {product} {ergonomic}
     bool UseLargePagesIndividualAllocation        = false                                  {pd product} {ergonomic}

Logging:
Log output configuration:
 #0: stdout all=warning uptime,level,tags foldmultilines=false
 #1: stderr all=off uptime,level,tags foldmultilines=false

Environment Variables:
PATH=C:\WINDOWS\system32;C:\WINDOWS;C:\WINDOWS\System32\Wbem;C:\WINDOWS\System32\WindowsPowerShell\v1.0\;C:\WINDOWS\System32\OpenSSH\;C:\Program Files\NVIDIA Corporation\NVIDIA app\NvDLISR;C:\Program Files\Microsoft SQL Server\Client SDK\ODBC\170\Tools\Binn\;C:\Program Files\dotnet\;C:\Program Files (x86)\Windows Kits\10\Windows Performance Toolkit\;C:\Program Files (x86)\Microsoft SQL Server\160\DTS\Binn\;C:\Program Files (x86)\Microsoft SQL Server\160\Tools\Binn\;C:\Program Files\Microsoft SQL Server\160\Tools\Binn\;C:\Program Files\Microsoft SQL Server\160\DTS\Binn\;C:\Program Files\Git\cmd;C:\Program Files (x86)\NVIDIA Corporation\PhysX\Common;C:\Users\santi\AppData\Local\Microsoft\WindowsApps;C:\Users\santi\AppData\Local\Programs\Microsoft VS Code\bin;C:\Users\santi\.dotnet\tools;C:\Program Files\JetBrains\JetBrains Rider 2025.1\bin;
USERNAME=santi
OS=Windows_NT
PROCESSOR_IDENTIFIER=Intel64 Family 6 Model 141 Stepping 1, GenuineIntel
TMP=C:\Users\santi\AppData\Local\Temp
TEMP=C:\Users\santi\AppData\Local\Temp




Periodic native trim disabled

---------------  S Y S T E M  ---------------

OS:
 Windows 11 , 64 bit Build 26100 (10.0.26100.3912)
OS uptime: 4 days 1:06 hours
Hyper-V role detected

CPU: total 16 (initial active 16) (8 cores per cpu, 2 threads per core) family 6 model 141 stepping 1 microcode 0x3c, cx8, cmov, fxsr, ht, mmx, 3dnowpref, sse, sse2, sse3, ssse3, sse4.1, sse4.2, popcnt, lzcnt, tsc, tscinvbit, avx, avx2, aes, erms, clmul, bmi1, bmi2, adx, avx512f, avx512dq, avx512cd, avx512bw, avx512vl, sha, fma, vzeroupper, avx512_vpopcntdq, avx512_vpclmulqdq, avx512_vaes, avx512_vnni, clflush, clflushopt, clwb, avx512_vbmi2, avx512_vbmi, hv, rdtscp, rdpid, fsrm, gfni, avx512_bitalg, f16c, cet_ibt, cet_ss, avx512_ifma
Processor Information for the first 16 processors :
  Max Mhz: 2304, Current Mhz: 1202, Mhz Limit: 2304

Memory: 4k page, system-wide physical 24355M (10321M free)
TotalPageFile size 25891M (AvailPageFile size 6387M)
current process WorkingSet (physical memory assigned to process): 240M, peak: 243M
current process commit charge ("private bytes"): 635M, peak: 648M

vm_info: OpenJDK 64-Bit Server VM (24.0.1+9-30) for windows-amd64 JRE (24.0.1+9-30), built on 2025-03-05T07:23:45Z with MS VC++ 17.6 (VS2022)

END.
